<?xml version="1.0" encoding="UTF-8"?>
<testng-results skipped="0" failed="0" ignored="0" total="1" passed="1">
  <reporter-output>
  </reporter-output>
  <suite name="Default suite" duration-ms="927" started-at="2018-04-27T09:58:32Z" finished-at="2018-04-27T09:58:33Z">
    <groups>
    </groups>
    <test name="Default test" duration-ms="927" started-at="2018-04-27T09:58:32Z" finished-at="2018-04-27T09:58:33Z">
      <class name="onlineMarket.controllers.ProductControllerTest">
        <test-method status="PASS" signature="setUp()[pri:0, instance:onlineMarket.controllers.ProductControllerTest@2ac273d3]" name="setUp" is-config="true" duration-ms="838" started-at="2018-04-27T11:58:32Z" finished-at="2018-04-27T11:58:33Z">
          <reporter-output>
          </reporter-output>
        </test-method> <!-- setUp -->
        <test-method status="PASS" signature="add()[pri:0, instance:onlineMarket.controllers.ProductControllerTest@2ac273d3]" name="add" duration-ms="69" started-at="2018-04-27T11:58:33Z" finished-at="2018-04-27T11:58:33Z">
          <reporter-output>
          </reporter-output>
        </test-method> <!-- add -->
      </class> <!-- onlineMarket.controllers.ProductControllerTest -->
    </test> <!-- Default test -->
  </suite> <!-- Default suite -->
</testng-results>
