<?xml version="1.0" encoding="UTF-8"?>
<!-- Generated by org.testng.reporters.JUnitXMLReporter -->
<testsuite hostname="LAPTOP-6PADVU4C" ignored="0" name="Default test" tests="22" failures="3" timestamp="27 Apr 2018 16:27:26 GMT" time="1.106" errors="0">
  <testcase name="Buyer_Buy" time="0.068" classname="onlineMarket.controllers.ProductControllerTest"/>
  <testcase name="CollaAdd_Not_exist_prod" time="0.005" classname="onlineMarket.controllers.ProductControllerTest"/>
  <testcase name="CollaAdd_exist_prod" time="0.003" classname="onlineMarket.controllers.ProductControllerTest"/>
  <testcase name="CollaAdd_wrong_Brand" time="0.002" classname="onlineMarket.controllers.ProductControllerTest"/>
  <testcase name="CollaDelete" time="0.002" classname="onlineMarket.controllers.ProductControllerTest"/>
  <testcase name="CollaDelete_No_prod" time="0.003" classname="onlineMarket.controllers.ProductControllerTest"/>
  <testcase name="CollaEdit" time="0.001" classname="onlineMarket.controllers.ProductControllerTest"/>
  <testcase name="CollaEdit_No_prod" time="0.002" classname="onlineMarket.controllers.ProductControllerTest"/>
  <testcase name="Seller_Buy" time="0.002" classname="onlineMarket.controllers.ProductControllerTest"/>
  <testcase name="add_exist" time="0.007" classname="onlineMarket.controllers.ProductControllerTest"/>
  <testcase name="add_new" time="0.007" classname="onlineMarket.controllers.ProductControllerTest"/>
  <testcase name="add_wrong_brand" time="0.008" classname="onlineMarket.controllers.ProductControllerTest"/>
  <testcase name="delete_Not_exist" time="0.001" classname="onlineMarket.controllers.ProductControllerTest"/>
  <testcase name="delete_Not_ÙEnough_amount" time="0.002" classname="onlineMarket.controllers.ProductControllerTest"/>
  <testcase name="delete_exist" time="0.001" classname="onlineMarket.controllers.ProductControllerTest"/>
  <testcase name="edit_Not_exist" time="0.001" classname="onlineMarket.controllers.ProductControllerTest"/>
  <testcase name="edit_exist" time="0.002" classname="onlineMarket.controllers.ProductControllerTest"/>
  <testcase name="undo_Add" time="0.004" classname="onlineMarket.controllers.ProductControllerTest">
    <failure type="java.lang.NullPointerException">
      <![CDATA[java.lang.NullPointerExceptionat onlineMarket.controllers.ProductController.Undo(ProductController.java:282)at onlineMarket.controllers.ProductControllerTest.undo_Add(ProductControllerTest.java:223)at sun.reflect.NativeMethodAccessorImpl.invoke0(Native Method)at sun.reflect.NativeMethodAccessorImpl.invoke(Unknown Source)at sun.reflect.DelegatingMethodAccessorImpl.invoke(Unknown Source)at java.lang.reflect.Method.invoke(Unknown Source)at org.testng.internal.MethodInvocationHelper.invokeMethod(MethodInvocationHelper.java:124)at org.testng.internal.Invoker.invokeMethod(Invoker.java:571)at org.testng.internal.Invoker.invokeTestMethod(Invoker.java:707)at org.testng.internal.Invoker.invokeTestMethods(Invoker.java:979)at org.testng.internal.TestMethodWorker.invokeTestMethods(TestMethodWorker.java:125)at org.testng.internal.TestMethodWorker.run(TestMethodWorker.java:109)at org.testng.TestRunner.privateRun(TestRunner.java:648)at org.testng.TestRunner.run(TestRunner.java:505)at org.testng.SuiteRunner.runTest(SuiteRunner.java:455)at org.testng.SuiteRunner.runSequentially(SuiteRunner.java:450)at org.testng.SuiteRunner.privateRun(SuiteRunner.java:415)at org.testng.SuiteRunner.run(SuiteRunner.java:364)at org.testng.SuiteRunnerWorker.runSuite(SuiteRunnerWorker.java:52)at org.testng.SuiteRunnerWorker.run(SuiteRunnerWorker.java:84)at org.testng.TestNG.runSuitesSequentially(TestNG.java:1187)at org.testng.TestNG.runSuitesLocally(TestNG.java:1116)at org.testng.TestNG.runSuites(TestNG.java:1028)at org.testng.TestNG.run(TestNG.java:996)at org.testng.remote.AbstractRemoteTestNG.run(AbstractRemoteTestNG.java:114)at org.testng.remote.RemoteTestNG.initAndRun(RemoteTestNG.java:251)at org.testng.remote.RemoteTestNG.main(RemoteTestNG.java:77)]]>
    </failure>
  </testcase> <!-- undo_Add -->
  <testcase name="undo_Delete" time="0.003" classname="onlineMarket.controllers.ProductControllerTest">
    <failure type="java.lang.NullPointerException">
      <![CDATA[java.lang.NullPointerExceptionat onlineMarket.controllers.ProductController.Undo(ProductController.java:295)at onlineMarket.controllers.ProductControllerTest.undo_Delete(ProductControllerTest.java:231)at sun.reflect.NativeMethodAccessorImpl.invoke0(Native Method)at sun.reflect.NativeMethodAccessorImpl.invoke(Unknown Source)at sun.reflect.DelegatingMethodAccessorImpl.invoke(Unknown Source)at java.lang.reflect.Method.invoke(Unknown Source)at org.testng.internal.MethodInvocationHelper.invokeMethod(MethodInvocationHelper.java:124)at org.testng.internal.Invoker.invokeMethod(Invoker.java:571)at org.testng.internal.Invoker.invokeTestMethod(Invoker.java:707)at org.testng.internal.Invoker.invokeTestMethods(Invoker.java:979)at org.testng.internal.TestMethodWorker.invokeTestMethods(TestMethodWorker.java:125)at org.testng.internal.TestMethodWorker.run(TestMethodWorker.java:109)at org.testng.TestRunner.privateRun(TestRunner.java:648)at org.testng.TestRunner.run(TestRunner.java:505)at org.testng.SuiteRunner.runTest(SuiteRunner.java:455)at org.testng.SuiteRunner.runSequentially(SuiteRunner.java:450)at org.testng.SuiteRunner.privateRun(SuiteRunner.java:415)at org.testng.SuiteRunner.run(SuiteRunner.java:364)at org.testng.SuiteRunnerWorker.runSuite(SuiteRunnerWorker.java:52)at org.testng.SuiteRunnerWorker.run(SuiteRunnerWorker.java:84)at org.testng.TestNG.runSuitesSequentially(TestNG.java:1187)at org.testng.TestNG.runSuitesLocally(TestNG.java:1116)at org.testng.TestNG.runSuites(TestNG.java:1028)at org.testng.TestNG.run(TestNG.java:996)at org.testng.remote.AbstractRemoteTestNG.run(AbstractRemoteTestNG.java:114)at org.testng.remote.RemoteTestNG.initAndRun(RemoteTestNG.java:251)at org.testng.remote.RemoteTestNG.main(RemoteTestNG.java:77)]]>
    </failure>
  </testcase> <!-- undo_Delete -->
  <testcase name="undo_Edit" time="0.002" classname="onlineMarket.controllers.ProductControllerTest"/>
  <testcase name="viewStat" time="0.001" classname="onlineMarket.controllers.ProductControllerTest"/>
  <testcase name="viewStat_null" time="0.0" classname="onlineMarket.controllers.ProductControllerTest">
    <failure type="java.lang.NullPointerException">
      <![CDATA[java.lang.NullPointerExceptionat onlineMarket.controllers.ProductController.viewedStat(ProductController.java:188)at onlineMarket.controllers.ProductControllerTest.viewStat_null(ProductControllerTest.java:158)at sun.reflect.NativeMethodAccessorImpl.invoke0(Native Method)at sun.reflect.NativeMethodAccessorImpl.invoke(Unknown Source)at sun.reflect.DelegatingMethodAccessorImpl.invoke(Unknown Source)at java.lang.reflect.Method.invoke(Unknown Source)at org.testng.internal.MethodInvocationHelper.invokeMethod(MethodInvocationHelper.java:124)at org.testng.internal.Invoker.invokeMethod(Invoker.java:571)at org.testng.internal.Invoker.invokeTestMethod(Invoker.java:707)at org.testng.internal.Invoker.invokeTestMethods(Invoker.java:979)at org.testng.internal.TestMethodWorker.invokeTestMethods(TestMethodWorker.java:125)at org.testng.internal.TestMethodWorker.run(TestMethodWorker.java:109)at org.testng.TestRunner.privateRun(TestRunner.java:648)at org.testng.TestRunner.run(TestRunner.java:505)at org.testng.SuiteRunner.runTest(SuiteRunner.java:455)at org.testng.SuiteRunner.runSequentially(SuiteRunner.java:450)at org.testng.SuiteRunner.privateRun(SuiteRunner.java:415)at org.testng.SuiteRunner.run(SuiteRunner.java:364)at org.testng.SuiteRunnerWorker.runSuite(SuiteRunnerWorker.java:52)at org.testng.SuiteRunnerWorker.run(SuiteRunnerWorker.java:84)at org.testng.TestNG.runSuitesSequentially(TestNG.java:1187)at org.testng.TestNG.runSuitesLocally(TestNG.java:1116)at org.testng.TestNG.runSuites(TestNG.java:1028)at org.testng.TestNG.run(TestNG.java:996)at org.testng.remote.AbstractRemoteTestNG.run(AbstractRemoteTestNG.java:114)at org.testng.remote.RemoteTestNG.initAndRun(RemoteTestNG.java:251)at org.testng.remote.RemoteTestNG.main(RemoteTestNG.java:77)]]>
    </failure>
  </testcase> <!-- viewStat_null -->
</testsuite> <!-- Default test -->
